Started GET "/" for 127.0.0.1 at 2017-07-09 02:40:37 +0530
Processing by Rails::WelcomeController#index as HTML
  Rendering /home/ishita/.rbenv/versions/2.4.0/lib/ruby/gems/2.4.0/gems/railties-5.1.2/lib/rails/templates/rails/welcome/index.html.erb
  Rendered /home/ishita/.rbenv/versions/2.4.0/lib/ruby/gems/2.4.0/gems/railties-5.1.2/lib/rails/templates/rails/welcome/index.html.erb (2.6ms)
Completed 200 OK in 269ms (Views: 7.7ms)


Started GET "/" for 127.0.0.1 at 2017-07-13 21:01:47 +0530
Processing by Rails::WelcomeController#index as HTML
  Rendering /home/ishita/.rbenv/versions/2.4.0/lib/ruby/gems/2.4.0/gems/railties-5.1.2/lib/rails/templates/rails/welcome/index.html.erb
  Rendered /home/ishita/.rbenv/versions/2.4.0/lib/ruby/gems/2.4.0/gems/railties-5.1.2/lib/rails/templates/rails/welcome/index.html.erb (3.9ms)
Completed 200 OK in 228ms (Views: 21.8ms)


  [1m[35m (134.6ms)[0m  [1m[35mCREATE TABLE "schema_migrations" ("version" character varying NOT NULL PRIMARY KEY)[0m
  [1m[35m (109.0ms)[0m  [1m[35mCREATE TABLE "ar_internal_metadata" ("key" character varying NOT NULL PRIMARY KEY, "value" character varying, "created_at" timestamp NOT NULL, "updated_at" timestamp NOT NULL)[0m
  [1m[35m (9.9ms)[0m  [1m[34mSELECT pg_try_advisory_lock(7864839756650184315);[0m
  [1m[35m (0.8ms)[0m  [1m[34mSELECT "schema_migrations"."version" FROM "schema_migrations" ORDER BY "schema_migrations"."version" ASC[0m
Migrating to DeviseCreateUsers (20170713154722)
  [1m[35m (0.2ms)[0m  [1m[35mBEGIN[0m
  [1m[35m (76.5ms)[0m  [1m[35mCREATE TABLE "users" ("id" bigserial primary key, "email" character varying DEFAULT '' NOT NULL, "encrypted_password" character varying DEFAULT '' NOT NULL, "name" character varying, "mobile" integer, "address" text, "pin" integer, "reset_password_token" character varying, "reset_password_sent_at" timestamp, "remember_created_at" timestamp, "sign_in_count" integer DEFAULT 0 NOT NULL, "current_sign_in_at" timestamp, "last_sign_in_at" timestamp, "current_sign_in_ip" inet, "last_sign_in_ip" inet, "created_at" timestamp NOT NULL, "updated_at" timestamp NOT NULL)[0m
  [1m[35m (31.2ms)[0m  [1m[35mCREATE UNIQUE INDEX  "index_users_on_email" ON "users"  ("email")[0m
  [1m[35m (53.5ms)[0m  [1m[35mCREATE UNIQUE INDEX  "index_users_on_reset_password_token" ON "users"  ("reset_password_token")[0m
  [1m[35mSQL (0.8ms)[0m  [1m[32mINSERT INTO "schema_migrations" ("version") VALUES ($1) RETURNING "version"[0m  [["version", "20170713154722"]]
  [1m[35m (9.9ms)[0m  [1m[35mCOMMIT[0m
  [1m[36mActiveRecord::InternalMetadata Load (0.3ms)[0m  [1m[34mSELECT  "ar_internal_metadata".* FROM "ar_internal_metadata" WHERE "ar_internal_metadata"."key" = $1 LIMIT $2[0m  [["key", "environment"], ["LIMIT", 1]]
  [1m[35m (0.2ms)[0m  [1m[35mBEGIN[0m
  [1m[35mSQL (7.4ms)[0m  [1m[32mINSERT INTO "ar_internal_metadata" ("key", "value", "created_at", "updated_at") VALUES ($1, $2, $3, $4) RETURNING "key"[0m  [["key", "environment"], ["value", "development"], ["created_at", "2017-07-13 16:02:36.194169"], ["updated_at", "2017-07-13 16:02:36.194169"]]
  [1m[35m (13.4ms)[0m  [1m[35mCOMMIT[0m
  [1m[35m (0.4ms)[0m  [1m[34mSELECT pg_advisory_unlock(7864839756650184315)[0m
  [1m[35m (0.4ms)[0m  [1m[34mSELECT "schema_migrations"."version" FROM "schema_migrations" ORDER BY "schema_migrations"."version" ASC[0m
Started GET "/" for 127.0.0.1 at 2017-07-13 21:35:40 +0530
  
NoMethodError (undefined method `devise_for' for #<ActionDispatch::Routing::Mapper:0x0055d379e8d080>):
  
config/routes.rb:2:in `block in <top (required)>'
config/routes.rb:1:in `<top (required)>'
Started GET "/" for 127.0.0.1 at 2017-07-13 21:36:33 +0530
  [1m[35m (1.6ms)[0m  [1m[34mSELECT "schema_migrations"."version" FROM "schema_migrations" ORDER BY "schema_migrations"."version" ASC[0m
Processing by Rails::WelcomeController#index as HTML
  Rendering /home/ishita/.rbenv/versions/2.4.0/lib/ruby/gems/2.4.0/gems/railties-5.1.2/lib/rails/templates/rails/welcome/index.html.erb
  Rendered /home/ishita/.rbenv/versions/2.4.0/lib/ruby/gems/2.4.0/gems/railties-5.1.2/lib/rails/templates/rails/welcome/index.html.erb (4.0ms)
Completed 200 OK in 28ms (Views: 11.8ms | ActiveRecord: 0.0ms)


Started GET "/users" for 127.0.0.1 at 2017-07-13 21:37:32 +0530
  
ActionController::RoutingError (No route matches [GET] "/users"):
  
actionpack (5.1.2) lib/action_dispatch/middleware/debug_exceptions.rb:63:in `call'
web-console (3.5.1) lib/web_console/middleware.rb:135:in `call_app'
web-console (3.5.1) lib/web_console/middleware.rb:28:in `block in call'
web-console (3.5.1) lib/web_console/middleware.rb:18:in `catch'
web-console (3.5.1) lib/web_console/middleware.rb:18:in `call'
actionpack (5.1.2) lib/action_dispatch/middleware/show_exceptions.rb:31:in `call'
railties (5.1.2) lib/rails/rack/logger.rb:36:in `call_app'
railties (5.1.2) lib/rails/rack/logger.rb:24:in `block in call'
activesupport (5.1.2) lib/active_support/tagged_logging.rb:69:in `block in tagged'
activesupport (5.1.2) lib/active_support/tagged_logging.rb:26:in `tagged'
activesupport (5.1.2) lib/active_support/tagged_logging.rb:69:in `tagged'
railties (5.1.2) lib/rails/rack/logger.rb:24:in `call'
sprockets-rails (3.2.0) lib/sprockets/rails/quiet_assets.rb:13:in `call'
actionpack (5.1.2) lib/action_dispatch/middleware/remote_ip.rb:79:in `call'
actionpack (5.1.2) lib/action_dispatch/middleware/request_id.rb:25:in `call'
rack (2.0.3) lib/rack/method_override.rb:22:in `call'
rack (2.0.3) lib/rack/runtime.rb:22:in `call'
activesupport (5.1.2) lib/active_support/cache/strategy/local_cache_middleware.rb:27:in `call'
actionpack (5.1.2) lib/action_dispatch/middleware/executor.rb:12:in `call'
actionpack (5.1.2) lib/action_dispatch/middleware/static.rb:125:in `call'
rack (2.0.3) lib/rack/sendfile.rb:111:in `call'
railties (5.1.2) lib/rails/engine.rb:522:in `call'
puma (3.9.1) lib/puma/configuration.rb:224:in `call'
puma (3.9.1) lib/puma/server.rb:602:in `handle_request'
puma (3.9.1) lib/puma/server.rb:435:in `process_client'
puma (3.9.1) lib/puma/server.rb:299:in `block in run'
puma (3.9.1) lib/puma/thread_pool.rb:120:in `block in spawn_thread'
Started GET "/users" for 127.0.0.1 at 2017-07-13 21:41:10 +0530
  [1m[35m (0.6ms)[0m  [1m[34mSELECT "schema_migrations"."version" FROM "schema_migrations" ORDER BY "schema_migrations"."version" ASC[0m
  
ActionController::RoutingError (No route matches [GET] "/users"):
  
actionpack (5.1.2) lib/action_dispatch/middleware/debug_exceptions.rb:63:in `call'
web-console (3.5.1) lib/web_console/middleware.rb:135:in `call_app'
web-console (3.5.1) lib/web_console/middleware.rb:28:in `block in call'
web-console (3.5.1) lib/web_console/middleware.rb:18:in `catch'
web-console (3.5.1) lib/web_console/middleware.rb:18:in `call'
actionpack (5.1.2) lib/action_dispatch/middleware/show_exceptions.rb:31:in `call'
railties (5.1.2) lib/rails/rack/logger.rb:36:in `call_app'
railties (5.1.2) lib/rails/rack/logger.rb:24:in `block in call'
activesupport (5.1.2) lib/active_support/tagged_logging.rb:69:in `block in tagged'
activesupport (5.1.2) lib/active_support/tagged_logging.rb:26:in `tagged'
activesupport (5.1.2) lib/active_support/tagged_logging.rb:69:in `tagged'
railties (5.1.2) lib/rails/rack/logger.rb:24:in `call'
sprockets-rails (3.2.0) lib/sprockets/rails/quiet_assets.rb:13:in `call'
actionpack (5.1.2) lib/action_dispatch/middleware/remote_ip.rb:79:in `call'
actionpack (5.1.2) lib/action_dispatch/middleware/request_id.rb:25:in `call'
rack (2.0.3) lib/rack/method_override.rb:22:in `call'
rack (2.0.3) lib/rack/runtime.rb:22:in `call'
activesupport (5.1.2) lib/active_support/cache/strategy/local_cache_middleware.rb:27:in `call'
actionpack (5.1.2) lib/action_dispatch/middleware/executor.rb:12:in `call'
actionpack (5.1.2) lib/action_dispatch/middleware/static.rb:125:in `call'
rack (2.0.3) lib/rack/sendfile.rb:111:in `call'
railties (5.1.2) lib/rails/engine.rb:522:in `call'
puma (3.9.1) lib/puma/configuration.rb:224:in `call'
puma (3.9.1) lib/puma/server.rb:602:in `handle_request'
puma (3.9.1) lib/puma/server.rb:435:in `process_client'
puma (3.9.1) lib/puma/server.rb:299:in `block in run'
puma (3.9.1) lib/puma/thread_pool.rb:120:in `block in spawn_thread'
Started GET "/users" for 127.0.0.1 at 2017-07-13 21:43:25 +0530
  [1m[35m (0.6ms)[0m  [1m[34mSELECT "schema_migrations"."version" FROM "schema_migrations" ORDER BY "schema_migrations"."version" ASC[0m
  
ActionController::RoutingError (No route matches [GET] "/users"):
  
actionpack (5.1.2) lib/action_dispatch/middleware/debug_exceptions.rb:63:in `call'
web-console (3.5.1) lib/web_console/middleware.rb:135:in `call_app'
web-console (3.5.1) lib/web_console/middleware.rb:28:in `block in call'
web-console (3.5.1) lib/web_console/middleware.rb:18:in `catch'
web-console (3.5.1) lib/web_console/middleware.rb:18:in `call'
actionpack (5.1.2) lib/action_dispatch/middleware/show_exceptions.rb:31:in `call'
railties (5.1.2) lib/rails/rack/logger.rb:36:in `call_app'
railties (5.1.2) lib/rails/rack/logger.rb:24:in `block in call'
activesupport (5.1.2) lib/active_support/tagged_logging.rb:69:in `block in tagged'
activesupport (5.1.2) lib/active_support/tagged_logging.rb:26:in `tagged'
activesupport (5.1.2) lib/active_support/tagged_logging.rb:69:in `tagged'
railties (5.1.2) lib/rails/rack/logger.rb:24:in `call'
sprockets-rails (3.2.0) lib/sprockets/rails/quiet_assets.rb:13:in `call'
actionpack (5.1.2) lib/action_dispatch/middleware/remote_ip.rb:79:in `call'
actionpack (5.1.2) lib/action_dispatch/middleware/request_id.rb:25:in `call'
rack (2.0.3) lib/rack/method_override.rb:22:in `call'
rack (2.0.3) lib/rack/runtime.rb:22:in `call'
activesupport (5.1.2) lib/active_support/cache/strategy/local_cache_middleware.rb:27:in `call'
actionpack (5.1.2) lib/action_dispatch/middleware/executor.rb:12:in `call'
actionpack (5.1.2) lib/action_dispatch/middleware/static.rb:125:in `call'
rack (2.0.3) lib/rack/sendfile.rb:111:in `call'
railties (5.1.2) lib/rails/engine.rb:522:in `call'
puma (3.9.1) lib/puma/configuration.rb:224:in `call'
puma (3.9.1) lib/puma/server.rb:602:in `handle_request'
puma (3.9.1) lib/puma/server.rb:435:in `process_client'
puma (3.9.1) lib/puma/server.rb:299:in `block in run'
puma (3.9.1) lib/puma/thread_pool.rb:120:in `block in spawn_thread'
Started GET "/users" for 127.0.0.1 at 2017-07-13 21:43:28 +0530
  
ActionController::RoutingError (No route matches [GET] "/users"):
  
actionpack (5.1.2) lib/action_dispatch/middleware/debug_exceptions.rb:63:in `call'
web-console (3.5.1) lib/web_console/middleware.rb:135:in `call_app'
web-console (3.5.1) lib/web_console/middleware.rb:28:in `block in call'
web-console (3.5.1) lib/web_console/middleware.rb:18:in `catch'
web-console (3.5.1) lib/web_console/middleware.rb:18:in `call'
actionpack (5.1.2) lib/action_dispatch/middleware/show_exceptions.rb:31:in `call'
railties (5.1.2) lib/rails/rack/logger.rb:36:in `call_app'
railties (5.1.2) lib/rails/rack/logger.rb:24:in `block in call'
activesupport (5.1.2) lib/active_support/tagged_logging.rb:69:in `block in tagged'
activesupport (5.1.2) lib/active_support/tagged_logging.rb:26:in `tagged'
activesupport (5.1.2) lib/active_support/tagged_logging.rb:69:in `tagged'
railties (5.1.2) lib/rails/rack/logger.rb:24:in `call'
sprockets-rails (3.2.0) lib/sprockets/rails/quiet_assets.rb:13:in `call'
actionpack (5.1.2) lib/action_dispatch/middleware/remote_ip.rb:79:in `call'
actionpack (5.1.2) lib/action_dispatch/middleware/request_id.rb:25:in `call'
rack (2.0.3) lib/rack/method_override.rb:22:in `call'
rack (2.0.3) lib/rack/runtime.rb:22:in `call'
activesupport (5.1.2) lib/active_support/cache/strategy/local_cache_middleware.rb:27:in `call'
actionpack (5.1.2) lib/action_dispatch/middleware/executor.rb:12:in `call'
actionpack (5.1.2) lib/action_dispatch/middleware/static.rb:125:in `call'
rack (2.0.3) lib/rack/sendfile.rb:111:in `call'
railties (5.1.2) lib/rails/engine.rb:522:in `call'
puma (3.9.1) lib/puma/configuration.rb:224:in `call'
puma (3.9.1) lib/puma/server.rb:602:in `handle_request'
puma (3.9.1) lib/puma/server.rb:435:in `process_client'
puma (3.9.1) lib/puma/server.rb:299:in `block in run'
puma (3.9.1) lib/puma/thread_pool.rb:120:in `block in spawn_thread'
Started GET "/" for 127.0.0.1 at 2017-07-13 21:43:33 +0530
Processing by Rails::WelcomeController#index as HTML
  Rendering /home/ishita/.rbenv/versions/2.4.0/lib/ruby/gems/2.4.0/gems/railties-5.1.2/lib/rails/templates/rails/welcome/index.html.erb
  Rendered /home/ishita/.rbenv/versions/2.4.0/lib/ruby/gems/2.4.0/gems/railties-5.1.2/lib/rails/templates/rails/welcome/index.html.erb (3.9ms)
Completed 200 OK in 8ms (Views: 6.3ms | ActiveRecord: 0.0ms)


Started GET "/" for 127.0.0.1 at 2017-07-13 21:44:46 +0530
  [1m[35m (0.7ms)[0m  [1m[34mSELECT "schema_migrations"."version" FROM "schema_migrations" ORDER BY "schema_migrations"."version" ASC[0m
Processing by Rails::WelcomeController#index as HTML
  Rendering /home/ishita/.rbenv/versions/2.4.0/lib/ruby/gems/2.4.0/gems/railties-5.1.2/lib/rails/templates/rails/welcome/index.html.erb
  Rendered /home/ishita/.rbenv/versions/2.4.0/lib/ruby/gems/2.4.0/gems/railties-5.1.2/lib/rails/templates/rails/welcome/index.html.erb (3.6ms)
Completed 200 OK in 21ms (Views: 8.7ms | ActiveRecord: 0.0ms)


Started GET "/" for 127.0.0.1 at 2017-07-13 21:44:49 +0530
Processing by Rails::WelcomeController#index as HTML
  Rendering /home/ishita/.rbenv/versions/2.4.0/lib/ruby/gems/2.4.0/gems/railties-5.1.2/lib/rails/templates/rails/welcome/index.html.erb
  Rendered /home/ishita/.rbenv/versions/2.4.0/lib/ruby/gems/2.4.0/gems/railties-5.1.2/lib/rails/templates/rails/welcome/index.html.erb (4.0ms)
Completed 200 OK in 8ms (Views: 6.4ms | ActiveRecord: 0.0ms)


Started GET "/users" for 127.0.0.1 at 2017-07-13 21:45:12 +0530
  
ActionController::RoutingError (uninitialized constant UsersController):
  
activesupport (5.1.2) lib/active_support/inflector/methods.rb:269:in `const_get'
activesupport (5.1.2) lib/active_support/inflector/methods.rb:269:in `block in constantize'
activesupport (5.1.2) lib/active_support/inflector/methods.rb:267:in `each'
activesupport (5.1.2) lib/active_support/inflector/methods.rb:267:in `inject'
activesupport (5.1.2) lib/active_support/inflector/methods.rb:267:in `constantize'
actionpack (5.1.2) lib/action_dispatch/http/request.rb:82:in `controller_class'
actionpack (5.1.2) lib/action_dispatch/routing/route_set.rb:43:in `controller'
actionpack (5.1.2) lib/action_dispatch/routing/route_set.rb:29:in `serve'
actionpack (5.1.2) lib/action_dispatch/journey/router.rb:46:in `block in serve'
actionpack (5.1.2) lib/action_dispatch/journey/router.rb:33:in `each'
actionpack (5.1.2) lib/action_dispatch/journey/router.rb:33:in `serve'
actionpack (5.1.2) lib/action_dispatch/routing/route_set.rb:832:in `call'
warden (1.2.7) lib/warden/manager.rb:36:in `block in call'
warden (1.2.7) lib/warden/manager.rb:35:in `catch'
warden (1.2.7) lib/warden/manager.rb:35:in `call'
rack (2.0.3) lib/rack/etag.rb:25:in `call'
rack (2.0.3) lib/rack/conditional_get.rb:25:in `call'
rack (2.0.3) lib/rack/head.rb:12:in `call'
rack (2.0.3) lib/rack/session/abstract/id.rb:232:in `context'
rack (2.0.3) lib/rack/session/abstract/id.rb:226:in `call'
actionpack (5.1.2) lib/action_dispatch/middleware/cookies.rb:613:in `call'
activerecord (5.1.2) lib/active_record/migration.rb:556:in `call'
actionpack (5.1.2) lib/action_dispatch/middleware/callbacks.rb:26:in `block in call'
activesupport (5.1.2) lib/active_support/callbacks.rb:97:in `run_callbacks'
actionpack (5.1.2) lib/action_dispatch/middleware/callbacks.rb:24:in `call'
actionpack (5.1.2) lib/action_dispatch/middleware/executor.rb:12:in `call'
actionpack (5.1.2) lib/action_dispatch/middleware/debug_exceptions.rb:59:in `call'
web-console (3.5.1) lib/web_console/middleware.rb:135:in `call_app'
web-console (3.5.1) lib/web_console/middleware.rb:28:in `block in call'
web-console (3.5.1) lib/web_console/middleware.rb:18:in `catch'
web-console (3.5.1) lib/web_console/middleware.rb:18:in `call'
actionpack (5.1.2) lib/action_dispatch/middleware/show_exceptions.rb:31:in `call'
railties (5.1.2) lib/rails/rack/logger.rb:36:in `call_app'
railties (5.1.2) lib/rails/rack/logger.rb:24:in `block in call'
activesupport (5.1.2) lib/active_support/tagged_logging.rb:69:in `block in tagged'
activesupport (5.1.2) lib/active_support/tagged_logging.rb:26:in `tagged'
activesupport (5.1.2) lib/active_support/tagged_logging.rb:69:in `tagged'
railties (5.1.2) lib/rails/rack/logger.rb:24:in `call'
sprockets-rails (3.2.0) lib/sprockets/rails/quiet_assets.rb:13:in `call'
actionpack (5.1.2) lib/action_dispatch/middleware/remote_ip.rb:79:in `call'
actionpack (5.1.2) lib/action_dispatch/middleware/request_id.rb:25:in `call'
rack (2.0.3) lib/rack/method_override.rb:22:in `call'
rack (2.0.3) lib/rack/runtime.rb:22:in `call'
activesupport (5.1.2) lib/active_support/cache/strategy/local_cache_middleware.rb:27:in `call'
actionpack (5.1.2) lib/action_dispatch/middleware/executor.rb:12:in `call'
actionpack (5.1.2) lib/action_dispatch/middleware/static.rb:125:in `call'
rack (2.0.3) lib/rack/sendfile.rb:111:in `call'
railties (5.1.2) lib/rails/engine.rb:522:in `call'
puma (3.9.1) lib/puma/configuration.rb:224:in `call'
puma (3.9.1) lib/puma/server.rb:602:in `handle_request'
puma (3.9.1) lib/puma/server.rb:435:in `process_client'
puma (3.9.1) lib/puma/server.rb:299:in `block in run'
puma (3.9.1) lib/puma/thread_pool.rb:120:in `block in spawn_thread'
Started GET "/users" for 127.0.0.1 at 2017-07-13 21:53:59 +0530
  
ActionController::RoutingError (No route matches [GET] "/users"):
  
actionpack (5.1.2) lib/action_dispatch/middleware/debug_exceptions.rb:63:in `call'
web-console (3.5.1) lib/web_console/middleware.rb:135:in `call_app'
web-console (3.5.1) lib/web_console/middleware.rb:28:in `block in call'
web-console (3.5.1) lib/web_console/middleware.rb:18:in `catch'
web-console (3.5.1) lib/web_console/middleware.rb:18:in `call'
actionpack (5.1.2) lib/action_dispatch/middleware/show_exceptions.rb:31:in `call'
railties (5.1.2) lib/rails/rack/logger.rb:36:in `call_app'
railties (5.1.2) lib/rails/rack/logger.rb:24:in `block in call'
activesupport (5.1.2) lib/active_support/tagged_logging.rb:69:in `block in tagged'
activesupport (5.1.2) lib/active_support/tagged_logging.rb:26:in `tagged'
activesupport (5.1.2) lib/active_support/tagged_logging.rb:69:in `tagged'
railties (5.1.2) lib/rails/rack/logger.rb:24:in `call'
sprockets-rails (3.2.0) lib/sprockets/rails/quiet_assets.rb:13:in `call'
actionpack (5.1.2) lib/action_dispatch/middleware/remote_ip.rb:79:in `call'
actionpack (5.1.2) lib/action_dispatch/middleware/request_id.rb:25:in `call'
rack (2.0.3) lib/rack/method_override.rb:22:in `call'
rack (2.0.3) lib/rack/runtime.rb:22:in `call'
activesupport (5.1.2) lib/active_support/cache/strategy/local_cache_middleware.rb:27:in `call'
actionpack (5.1.2) lib/action_dispatch/middleware/executor.rb:12:in `call'
actionpack (5.1.2) lib/action_dispatch/middleware/static.rb:125:in `call'
rack (2.0.3) lib/rack/sendfile.rb:111:in `call'
railties (5.1.2) lib/rails/engine.rb:522:in `call'
puma (3.9.1) lib/puma/configuration.rb:224:in `call'
puma (3.9.1) lib/puma/server.rb:602:in `handle_request'
puma (3.9.1) lib/puma/server.rb:435:in `process_client'
puma (3.9.1) lib/puma/server.rb:299:in `block in run'
puma (3.9.1) lib/puma/thread_pool.rb:120:in `block in spawn_thread'
Started GET "/" for 127.0.0.1 at 2017-07-13 21:54:07 +0530
Processing by HomeController#index as HTML
Completed 401 Unauthorized in 9ms (ActiveRecord: 0.0ms)


Started GET "/users/sign_in" for 127.0.0.1 at 2017-07-13 21:54:07 +0530
Processing by Devise::SessionsController#new as HTML
  Rendering /home/ishita/.rbenv/versions/2.4.0/lib/ruby/gems/2.4.0/gems/devise-4.3.0/app/views/devise/sessions/new.html.erb within layouts/application
  Rendered /home/ishita/.rbenv/versions/2.4.0/lib/ruby/gems/2.4.0/gems/devise-4.3.0/app/views/devise/shared/_links.html.erb (13.3ms)
  Rendered /home/ishita/.rbenv/versions/2.4.0/lib/ruby/gems/2.4.0/gems/devise-4.3.0/app/views/devise/sessions/new.html.erb within layouts/application (134.4ms)
Completed 200 OK in 1502ms (Views: 1473.8ms | ActiveRecord: 5.3ms)


Started POST "/users/sign_in" for 127.0.0.1 at 2017-07-13 21:58:17 +0530
Processing by Devise::SessionsController#create as HTML
  Parameters: {"utf8"=>"✓", "authenticity_token"=>"eRemrYPWuE2AuaY+l67SwtJ82Cnwllveq6HxSorPOt5K5hKfkGeCTHe7DlfeD57P40/QODRA0J/Ot0NYwWjSLw==", "user"=>{"email"=>"ish31manu@gmail.com", "password"=>"[FILTERED]", "remember_me"=>"0"}, "commit"=>"Log in"}
  [1m[36mUser Load (0.9ms)[0m  [1m[34mSELECT  "users".* FROM "users" WHERE "users"."email" = $1 ORDER BY "users"."id" ASC LIMIT $2[0m  [["email", "ish31manu@gmail.com"], ["LIMIT", 1]]
Completed 401 Unauthorized in 4ms (ActiveRecord: 0.9ms)


Processing by Devise::SessionsController#new as HTML
  Parameters: {"utf8"=>"✓", "authenticity_token"=>"eRemrYPWuE2AuaY+l67SwtJ82Cnwllveq6HxSorPOt5K5hKfkGeCTHe7DlfeD57P40/QODRA0J/Ot0NYwWjSLw==", "user"=>{"email"=>"ish31manu@gmail.com", "password"=>"[FILTERED]", "remember_me"=>"0"}, "commit"=>"Log in"}
  Rendering /home/ishita/.rbenv/versions/2.4.0/lib/ruby/gems/2.4.0/gems/devise-4.3.0/app/views/devise/sessions/new.html.erb within layouts/application
  Rendered /home/ishita/.rbenv/versions/2.4.0/lib/ruby/gems/2.4.0/gems/devise-4.3.0/app/views/devise/shared/_links.html.erb (1.2ms)
  Rendered /home/ishita/.rbenv/versions/2.4.0/lib/ruby/gems/2.4.0/gems/devise-4.3.0/app/views/devise/sessions/new.html.erb within layouts/application (4.7ms)
Completed 200 OK in 222ms (Views: 23.5ms | ActiveRecord: 0.0ms)


Started POST "/users/sign_in" for 127.0.0.1 at 2017-07-13 21:58:20 +0530
Processing by Devise::SessionsController#create as HTML
  Parameters: {"utf8"=>"✓", "authenticity_token"=>"AK0j+JSZdJ0HPglp9wvjm5tkRZob9iLadQM0buU0YS8zXJfKhyhOnPA8oQC+qq+WqldNi98gqZsQFYZ8rpOJ3g==", "user"=>{"email"=>"ish31manu@gmail.com", "password"=>"[FILTERED]", "remember_me"=>"0"}, "commit"=>"Log in"}
Completed 401 Unauthorized in 1ms (ActiveRecord: 0.0ms)


Processing by Devise::SessionsController#new as HTML
  Parameters: {"utf8"=>"✓", "authenticity_token"=>"AK0j+JSZdJ0HPglp9wvjm5tkRZob9iLadQM0buU0YS8zXJfKhyhOnPA8oQC+qq+WqldNi98gqZsQFYZ8rpOJ3g==", "user"=>{"email"=>"ish31manu@gmail.com", "password"=>"[FILTERED]", "remember_me"=>"0"}, "commit"=>"Log in"}
  Rendering /home/ishita/.rbenv/versions/2.4.0/lib/ruby/gems/2.4.0/gems/devise-4.3.0/app/views/devise/sessions/new.html.erb within layouts/application
  Rendered /home/ishita/.rbenv/versions/2.4.0/lib/ruby/gems/2.4.0/gems/devise-4.3.0/app/views/devise/shared/_links.html.erb (1.0ms)
  Rendered /home/ishita/.rbenv/versions/2.4.0/lib/ruby/gems/2.4.0/gems/devise-4.3.0/app/views/devise/sessions/new.html.erb within layouts/application (4.6ms)
Completed 200 OK in 26ms (Views: 24.7ms | ActiveRecord: 0.0ms)


Started GET "/users/sign_up" for 127.0.0.1 at 2017-07-13 21:58:30 +0530
Processing by Devise::RegistrationsController#new as HTML
  Rendering /home/ishita/.rbenv/versions/2.4.0/lib/ruby/gems/2.4.0/gems/devise-4.3.0/app/views/devise/registrations/new.html.erb within layouts/application
  Rendered /home/ishita/.rbenv/versions/2.4.0/lib/ruby/gems/2.4.0/gems/devise-4.3.0/app/views/devise/shared/_links.html.erb (25.8ms)
  Rendered /home/ishita/.rbenv/versions/2.4.0/lib/ruby/gems/2.4.0/gems/devise-4.3.0/app/views/devise/registrations/new.html.erb within layouts/application (30.4ms)
Completed 200 OK in 53ms (Views: 51.8ms | ActiveRecord: 0.0ms)


Started POST "/users" for 127.0.0.1 at 2017-07-13 21:58:52 +0530
Processing by Devise::RegistrationsController#create as HTML
  Parameters: {"utf8"=>"✓", "authenticity_token"=>"/lpret5P75xLXBo1wP0csbENS145VOL5k/2e6Qe2Nptv/zN2vu3hcMxuo9Xmm3t7bR/K2gtvD4KdsNjOxnNVhA==", "user"=>{"email"=>"ish31manu@gmail.com", "password"=>"[FILTERED]", "password_confirmation"=>"[FILTERED]"}, "commit"=>"Sign up"}
  [1m[35m (2.4ms)[0m  [1m[35mBEGIN[0m
  [1m[36mUser Exists (0.6ms)[0m  [1m[34mSELECT  1 AS one FROM "users" WHERE "users"."email" = $1 LIMIT $2[0m  [["email", "ish31manu@gmail.com"], ["LIMIT", 1]]
  [1m[35mSQL (0.6ms)[0m  [1m[32mINSERT INTO "users" ("email", "encrypted_password", "created_at", "updated_at") VALUES ($1, $2, $3, $4) RETURNING "id"[0m  [["email", "ish31manu@gmail.com"], ["encrypted_password", "$2a$11$jtGxtQY8gRy.tvSqQ7bOwOMztKFEseOnm.tbfjrzNzyi4mOOlF0ei"], ["created_at", "2017-07-13 16:28:52.475190"], ["updated_at", "2017-07-13 16:28:52.475190"]]
  [1m[35m (21.2ms)[0m  [1m[35mCOMMIT[0m
  [1m[35m (0.1ms)[0m  [1m[35mBEGIN[0m
  [1m[35mSQL (0.5ms)[0m  [1m[33mUPDATE "users" SET "sign_in_count" = $1, "current_sign_in_at" = $2, "last_sign_in_at" = $3, "current_sign_in_ip" = $4, "last_sign_in_ip" = $5, "updated_at" = $6 WHERE "users"."id" = $7[0m  [["sign_in_count", 1], ["current_sign_in_at", "2017-07-13 16:28:52.499407"], ["last_sign_in_at", "2017-07-13 16:28:52.499407"], ["current_sign_in_ip", "127.0.0.1/32"], ["last_sign_in_ip", "127.0.0.1/32"], ["updated_at", "2017-07-13 16:28:52.500097"], ["id", 1]]
  [1m[35m (7.0ms)[0m  [1m[35mCOMMIT[0m
Redirected to http://localhost:3000/
Completed 302 Found in 251ms (ActiveRecord: 32.4ms)


Started GET "/" for 127.0.0.1 at 2017-07-13 21:58:52 +0530
Processing by HomeController#index as HTML
  [1m[36mUser Load (0.7ms)[0m  [1m[34mSELECT  "users".* FROM "users" WHERE "users"."id" = $1 ORDER BY "users"."id" ASC LIMIT $2[0m  [["id", 1], ["LIMIT", 1]]
  Rendering home/index.html.erb within layouts/application
  Rendered home/index.html.erb within layouts/application (0.5ms)
Completed 200 OK in 37ms (Views: 18.7ms | ActiveRecord: 0.7ms)


Started GET "/users/edit" for 127.0.0.1 at 2017-07-13 21:59:49 +0530
Processing by Devise::RegistrationsController#edit as HTML
  [1m[36mUser Load (0.8ms)[0m  [1m[34mSELECT  "users".* FROM "users" WHERE "users"."id" = $1 ORDER BY "users"."id" ASC LIMIT $2[0m  [["id", 1], ["LIMIT", 1]]
  Rendering /home/ishita/.rbenv/versions/2.4.0/lib/ruby/gems/2.4.0/gems/devise-4.3.0/app/views/devise/registrations/edit.html.erb within layouts/application
  Rendered /home/ishita/.rbenv/versions/2.4.0/lib/ruby/gems/2.4.0/gems/devise-4.3.0/app/views/devise/registrations/edit.html.erb within layouts/application (6.6ms)
Completed 200 OK in 34ms (Views: 30.6ms | ActiveRecord: 0.8ms)


Started DELETE "/users/sign_out" for 127.0.0.1 at 2017-07-13 22:01:09 +0530
Processing by Devise::SessionsController#destroy as HTML
  Parameters: {"authenticity_token"=>"fcxLowgTDzYzXlQBxGCvXBN92T9V9GmLt1Yi76n+g5dOPf+RG6I1N8Rc/GiNweNRIk7RLpEi4srSQJD94llrZg=="}
  [1m[36mUser Load (0.5ms)[0m  [1m[34mSELECT  "users".* FROM "users" WHERE "users"."id" = $1 ORDER BY "users"."id" ASC LIMIT $2[0m  [["id", 1], ["LIMIT", 1]]
  [1m[35m (0.2ms)[0m  [1m[35mBEGIN[0m
  [1m[35m (0.2ms)[0m  [1m[35mCOMMIT[0m
Redirected to http://localhost:3000/
Completed 302 Found in 8ms (ActiveRecord: 0.8ms)


Started GET "/" for 127.0.0.1 at 2017-07-13 22:01:09 +0530
Processing by HomeController#index as HTML
Completed 401 Unauthorized in 1ms (ActiveRecord: 0.0ms)


Started GET "/users/sign_in" for 127.0.0.1 at 2017-07-13 22:01:09 +0530
Processing by Devise::SessionsController#new as HTML
  Rendering /home/ishita/.rbenv/versions/2.4.0/lib/ruby/gems/2.4.0/gems/devise-4.3.0/app/views/devise/sessions/new.html.erb within layouts/application
  Rendered /home/ishita/.rbenv/versions/2.4.0/lib/ruby/gems/2.4.0/gems/devise-4.3.0/app/views/devise/shared/_links.html.erb (1.2ms)
  Rendered /home/ishita/.rbenv/versions/2.4.0/lib/ruby/gems/2.4.0/gems/devise-4.3.0/app/views/devise/sessions/new.html.erb within layouts/application (5.8ms)
Completed 200 OK in 32ms (Views: 30.6ms | ActiveRecord: 0.0ms)


Started GET "/users/sign_in" for 127.0.0.1 at 2017-07-13 23:30:06 +0530
Processing by Devise::SessionsController#new as HTML
  Rendering /home/ishita/.rbenv/versions/2.4.0/lib/ruby/gems/2.4.0/gems/devise-4.3.0/app/views/devise/sessions/new.html.erb within layouts/application
  Rendered /home/ishita/.rbenv/versions/2.4.0/lib/ruby/gems/2.4.0/gems/devise-4.3.0/app/views/devise/shared/_links.html.erb (1.3ms)
  Rendered /home/ishita/.rbenv/versions/2.4.0/lib/ruby/gems/2.4.0/gems/devise-4.3.0/app/views/devise/sessions/new.html.erb within layouts/application (5.0ms)
Completed 200 OK in 35ms (Views: 33.6ms | ActiveRecord: 0.0ms)


Started GET "/" for 127.0.0.1 at 2017-07-15 03:04:22 +0530
  [1m[35m (23.4ms)[0m  [1m[34mSELECT "schema_migrations"."version" FROM "schema_migrations" ORDER BY "schema_migrations"."version" ASC[0m
Processing by HomeController#index as HTML
Completed 401 Unauthorized in 19ms (ActiveRecord: 0.0ms)


Started GET "/users/sign_in" for 127.0.0.1 at 2017-07-15 03:04:23 +0530
Processing by Devise::SessionsController#new as HTML
  Rendering /home/ishita/.rbenv/versions/2.4.0/lib/ruby/gems/2.4.0/gems/devise-4.3.0/app/views/devise/sessions/new.html.erb within layouts/application
  Rendered /home/ishita/.rbenv/versions/2.4.0/lib/ruby/gems/2.4.0/gems/devise-4.3.0/app/views/devise/shared/_links.html.erb (1.4ms)
  Rendered /home/ishita/.rbenv/versions/2.4.0/lib/ruby/gems/2.4.0/gems/devise-4.3.0/app/views/devise/sessions/new.html.erb within layouts/application (53.3ms)
Completed 200 OK in 415ms (Views: 364.9ms | ActiveRecord: 6.0ms)


Started GET "/" for 127.0.0.1 at 2017-07-14 23:45:53 +0530
  [1m[35m (1.4ms)[0m  [1m[34mSELECT "schema_migrations"."version" FROM "schema_migrations" ORDER BY "schema_migrations"."version" ASC[0m
Processing by HomeController#index as HTML
Completed 401 Unauthorized in 15ms (ActiveRecord: 0.0ms)


Started GET "/users/sign_in" for 127.0.0.1 at 2017-07-14 23:45:53 +0530
Processing by Devise::SessionsController#new as HTML
  Rendering /home/ishita/.rbenv/versions/2.4.0/lib/ruby/gems/2.4.0/gems/devise-4.3.0/app/views/devise/sessions/new.html.erb within layouts/application
  Rendered /home/ishita/.rbenv/versions/2.4.0/lib/ruby/gems/2.4.0/gems/devise-4.3.0/app/views/devise/shared/_links.html.erb (3.6ms)
  Rendered /home/ishita/.rbenv/versions/2.4.0/lib/ruby/gems/2.4.0/gems/devise-4.3.0/app/views/devise/sessions/new.html.erb within layouts/application (25.5ms)
Completed 200 OK in 280ms (Views: 238.2ms | ActiveRecord: 4.9ms)


Started POST "/users/sign_in" for 127.0.0.1 at 2017-07-14 23:46:02 +0530
Processing by Devise::SessionsController#create as HTML
  Parameters: {"utf8"=>"✓", "authenticity_token"=>"SW5sdNvqUMY/vZ6OQh7Jl7axeKov4KILGN3DPLL3ajNrBk4uSokAr5WRsBdmqh0+CBN3096PO36ZYYUVxcmGdg==", "user"=>{"email"=>"ish31manu@gmail.com", "password"=>"[FILTERED]", "remember_me"=>"0"}, "commit"=>"Log in"}
  [1m[36mUser Load (76.6ms)[0m  [1m[34mSELECT  "users".* FROM "users" WHERE "users"."email" = $1 ORDER BY "users"."id" ASC LIMIT $2[0m  [["email", "ish31manu@gmail.com"], ["LIMIT", 1]]
  [1m[35m (0.2ms)[0m  [1m[35mBEGIN[0m
  [1m[35mSQL (0.5ms)[0m  [1m[33mUPDATE "users" SET "current_sign_in_at" = $1, "sign_in_count" = $2, "updated_at" = $3 WHERE "users"."id" = $4[0m  [["current_sign_in_at", "2017-07-14 18:16:02.673288"], ["sign_in_count", 2], ["updated_at", "2017-07-14 18:16:02.674565"], ["id", 1]]
  [1m[35m (17.8ms)[0m  [1m[35mCOMMIT[0m
Redirected to http://localhost:3000/
Completed 302 Found in 461ms (ActiveRecord: 95.1ms)


Started GET "/" for 127.0.0.1 at 2017-07-14 23:46:02 +0530
Processing by HomeController#index as HTML
  [1m[36mUser Load (0.5ms)[0m  [1m[34mSELECT  "users".* FROM "users" WHERE "users"."id" = $1 ORDER BY "users"."id" ASC LIMIT $2[0m  [["id", 1], ["LIMIT", 1]]
  Rendering home/index.html.erb within layouts/application
  Rendered home/index.html.erb within layouts/application (0.3ms)
Completed 200 OK in 19ms (Views: 15.8ms | ActiveRecord: 0.5ms)


Started DELETE "/users/sign_out" for 127.0.0.1 at 2017-07-14 23:46:11 +0530
Processing by Devise::SessionsController#destroy as HTML
  Parameters: {"authenticity_token"=>"JBhVpii0mPGiTLiQO92n6u+gWo4/B/sSbOf5y9ld9XDPGe2xj7xnRwvwbOxl2VJP2ZpIgnmgfJHUk1DQgIZPaA=="}
  [1m[36mUser Load (0.5ms)[0m  [1m[34mSELECT  "users".* FROM "users" WHERE "users"."id" = $1 ORDER BY "users"."id" ASC LIMIT $2[0m  [["id", 1], ["LIMIT", 1]]
  [1m[35m (0.2ms)[0m  [1m[35mBEGIN[0m
  [1m[35m (0.6ms)[0m  [1m[35mCOMMIT[0m
Redirected to http://localhost:3000/
Completed 302 Found in 48ms (ActiveRecord: 1.3ms)


Started GET "/" for 127.0.0.1 at 2017-07-14 23:46:11 +0530
Processing by HomeController#index as HTML
Completed 401 Unauthorized in 1ms (ActiveRecord: 0.0ms)


Started GET "/users/sign_in" for 127.0.0.1 at 2017-07-14 23:46:11 +0530
Processing by Devise::SessionsController#new as HTML
  Rendering /home/ishita/.rbenv/versions/2.4.0/lib/ruby/gems/2.4.0/gems/devise-4.3.0/app/views/devise/sessions/new.html.erb within layouts/application
  Rendered /home/ishita/.rbenv/versions/2.4.0/lib/ruby/gems/2.4.0/gems/devise-4.3.0/app/views/devise/shared/_links.html.erb (1.0ms)
  Rendered /home/ishita/.rbenv/versions/2.4.0/lib/ruby/gems/2.4.0/gems/devise-4.3.0/app/views/devise/sessions/new.html.erb within layouts/application (4.9ms)
Completed 200 OK in 23ms (Views: 21.8ms | ActiveRecord: 0.0ms)


Started GET "/users/sign_up" for 127.0.0.1 at 2017-07-14 23:46:14 +0530
Processing by Devise::RegistrationsController#new as HTML
  Rendering /home/ishita/.rbenv/versions/2.4.0/lib/ruby/gems/2.4.0/gems/devise-4.3.0/app/views/devise/registrations/new.html.erb within layouts/application
  Rendered /home/ishita/.rbenv/versions/2.4.0/lib/ruby/gems/2.4.0/gems/devise-4.3.0/app/views/devise/shared/_links.html.erb (1.0ms)
  Rendered /home/ishita/.rbenv/versions/2.4.0/lib/ruby/gems/2.4.0/gems/devise-4.3.0/app/views/devise/registrations/new.html.erb within layouts/application (4.5ms)
Completed 200 OK in 78ms (Views: 77.3ms | ActiveRecord: 0.0ms)


Started POST "/users" for 127.0.0.1 at 2017-07-14 23:46:18 +0530
Processing by Devise::RegistrationsController#create as HTML
  Parameters: {"utf8"=>"✓", "authenticity_token"=>"KzCgSHrKPRcrfk+QN9XW55Q5D6/q+e0UFi3AUtwjWIH8jvPcDbfwbC/1Ldg6WgsejpP9Dlh425bDPcH/r0X18A==", "user"=>{"email"=>"", "password"=>"[FILTERED]", "password_confirmation"=>"[FILTERED]"}, "commit"=>"Sign up"}
  [1m[35m (0.2ms)[0m  [1m[35mBEGIN[0m
  [1m[35m (0.2ms)[0m  [1m[31mROLLBACK[0m
  Rendering /home/ishita/.rbenv/versions/2.4.0/lib/ruby/gems/2.4.0/gems/devise-4.3.0/app/views/devise/registrations/new.html.erb within layouts/application
  Rendered /home/ishita/.rbenv/versions/2.4.0/lib/ruby/gems/2.4.0/gems/devise-4.3.0/app/views/devise/shared/_links.html.erb (0.9ms)
  Rendered /home/ishita/.rbenv/versions/2.4.0/lib/ruby/gems/2.4.0/gems/devise-4.3.0/app/views/devise/registrations/new.html.erb within layouts/application (5.0ms)
Completed 200 OK in 32ms (Views: 21.8ms | ActiveRecord: 0.3ms)


Started GET "/users/sign_in" for 127.0.0.1 at 2017-07-14 23:46:22 +0530
Processing by Devise::SessionsController#new as HTML
  Rendering /home/ishita/.rbenv/versions/2.4.0/lib/ruby/gems/2.4.0/gems/devise-4.3.0/app/views/devise/sessions/new.html.erb within layouts/application
  Rendered /home/ishita/.rbenv/versions/2.4.0/lib/ruby/gems/2.4.0/gems/devise-4.3.0/app/views/devise/shared/_links.html.erb (1.8ms)
  Rendered /home/ishita/.rbenv/versions/2.4.0/lib/ruby/gems/2.4.0/gems/devise-4.3.0/app/views/devise/sessions/new.html.erb within layouts/application (6.4ms)
Completed 200 OK in 25ms (Views: 23.3ms | ActiveRecord: 0.0ms)


Started GET "/" for 127.0.0.1 at 2017-07-14 23:54:38 +0530
Processing by HomeController#index as HTML
Completed 401 Unauthorized in 1ms (ActiveRecord: 0.0ms)


Started GET "/users/sign_in" for 127.0.0.1 at 2017-07-14 23:54:38 +0530
Processing by Devise::SessionsController#new as HTML
  Rendering /home/ishita/.rbenv/versions/2.4.0/lib/ruby/gems/2.4.0/gems/devise-4.3.0/app/views/devise/sessions/new.html.erb within layouts/application
  Rendered /home/ishita/.rbenv/versions/2.4.0/lib/ruby/gems/2.4.0/gems/devise-4.3.0/app/views/devise/shared/_links.html.erb (1.4ms)
  Rendered /home/ishita/.rbenv/versions/2.4.0/lib/ruby/gems/2.4.0/gems/devise-4.3.0/app/views/devise/sessions/new.html.erb within layouts/application (5.9ms)
Completed 200 OK in 28ms (Views: 24.8ms | ActiveRecord: 0.0ms)


Started GET "/" for 127.0.0.1 at 2017-07-14 23:54:48 +0530
Processing by HomeController#index as HTML
Completed 401 Unauthorized in 1ms (ActiveRecord: 0.0ms)


Started GET "/users/sign_in" for 127.0.0.1 at 2017-07-14 23:54:48 +0530
Processing by Devise::SessionsController#new as HTML
  Rendering /home/ishita/.rbenv/versions/2.4.0/lib/ruby/gems/2.4.0/gems/devise-4.3.0/app/views/devise/sessions/new.html.erb within layouts/application
  Rendered /home/ishita/.rbenv/versions/2.4.0/lib/ruby/gems/2.4.0/gems/devise-4.3.0/app/views/devise/shared/_links.html.erb (1.0ms)
  Rendered /home/ishita/.rbenv/versions/2.4.0/lib/ruby/gems/2.4.0/gems/devise-4.3.0/app/views/devise/sessions/new.html.erb within layouts/application (4.1ms)
Completed 200 OK in 37ms (Views: 35.1ms | ActiveRecord: 0.0ms)


Started GET "/" for 127.0.0.1 at 2017-07-15 00:05:57 +0530
  [1m[35m (0.7ms)[0m  [1m[34mSELECT "schema_migrations"."version" FROM "schema_migrations" ORDER BY "schema_migrations"."version" ASC[0m
Processing by HomeController#index as HTML
Completed 401 Unauthorized in 16ms (ActiveRecord: 0.0ms)


Started GET "/users/sign_in" for 127.0.0.1 at 2017-07-15 00:05:58 +0530
Processing by Devise::SessionsController#new as HTML
  Rendering /home/ishita/.rbenv/versions/2.4.0/lib/ruby/gems/2.4.0/gems/devise-4.3.0/app/views/devise/sessions/new.html.erb within layouts/application
  Rendered /home/ishita/.rbenv/versions/2.4.0/lib/ruby/gems/2.4.0/gems/devise-4.3.0/app/views/devise/shared/_links.html.erb (1.5ms)
  Rendered /home/ishita/.rbenv/versions/2.4.0/lib/ruby/gems/2.4.0/gems/devise-4.3.0/app/views/devise/sessions/new.html.erb within layouts/application (15.8ms)
Completed 200 OK in 276ms (Views: 249.2ms | ActiveRecord: 4.5ms)


